<?xml version="1.0" encoding="UTF-8"?>
<!-- Generated by org.testng.reporters.JUnitXMLReporter -->
<testsuite ignored="0" hostname="U-DL1J8D3" failures="1" tests="1" name="TestName" time="0.062" errors="0" timestamp="2024-06-01T09:32:42 IST">
  <testcase classname="Examples.ParametersSample" name="m1" time="0.0">
    <failure type="org.testng.TestNGException" message="
Parameter &amp;apos;Username&amp;apos; is required by @Test on method m1 but has not been marked @Optional or defined
in C:\Users\SShabana\eclipse-workspace\com.serbilis\src\test\java\runner">
      <![CDATA[org.testng.TestNGException: 
Parameter 'Username' is required by @Test on method m1 but has not been marked @Optional or defined
in C:\Users\SShabana\eclipse-workspace\com.serbilis\src\test\java\runner
at java.base/java.util.ArrayList.forEach(ArrayList.java:1597)
... Removed 26 stack frames]]>
    </failure>
  </testcase> <!-- m1 -->
</testsuite> <!-- TestName -->
